grep: /data/data/com.termux/files/home/alx-higher_level_programming/0x00-python-hello_world/t10: Is a directory
grep: /data/data/com.termux/files/home/alx-higher_level_programming/0x01-python-if_else_loops_functions/bkup: Is a directory
grep: /data/data/com.termux/files/home/alx-higher_level_programming/0x01-python-if_else_loops_functions/catchup: Is a directory
grep: /data/data/com.termux/files/home/alx-higher_level_programming/0x01-python-if_else_loops_functions/t13: Is a directory
grep: /data/data/com.termux/files/home/alx-higher_level_programming/0x02-python-import_modules/__pycache__: Is a directory
grep: /data/data/com.termux/files/home/alx-higher_level_programming/0x03-python-data_structures/__pycache__: Is a directory
grep: /data/data/com.termux/files/home/alx-higher_level_programming/0x04-python-more_data_structures/__pycache__: Is a directory
grep: /data/data/com.termux/files/home/alx-higher_level_programming/0x04-python-more_data_structures/mkup: Is a directory
grep: /data/data/com.termux/files/home/alx-higher_level_programming/0x05-python-exceptions/__pycache__: Is a directory
grep: /data/data/com.termux/files/home/alx-higher_level_programming/0x06-python-classes/__pycache__: Is a directory
grep: /data/data/com.termux/files/home/alx-higher_level_programming/0x07-python-test_driven_development/__pycache__: Is a directory
grep: /data/data/com.termux/files/home/alx-higher_level_programming/0x07-python-test_driven_development/tests: Is a directory
grep: /data/data/com.termux/files/home/alx-higher_level_programming/0x08-python-more_classes/__pycache__: Is a directory
grep: /data/data/com.termux/files/home/alx-higher_level_programming/0x08-python-more_classes/drivers: Is a directory
grep: /data/data/com.termux/files/home/alx-higher_level_programming/0x08-python-more_classes/tests: Is a directory
grep: /data/data/com.termux/files/home/alx-higher_level_programming/0x09-python-everything_is_object/__pycache__: Is a directory
grep: /data/data/com.termux/files/home/alx-higher_level_programming/0x09-python-everything_is_object/drivers: Is a directory
grep: /data/data/com.termux/files/home/alx-higher_level_programming/0x0A-python-inheritance/__pycache__: Is a directory
grep: /data/data/com.termux/files/home/alx-higher_level_programming/0x0A-python-inheritance/drivers: Is a directory
grep: /data/data/com.termux/files/home/alx-higher_level_programming/0x0A-python-inheritance/tests: Is a directory
grep: /data/data/com.termux/files/home/alx-higher_level_programming/0x0B-python-input_output/__pycache__: Is a directory
grep: /data/data/com.termux/files/home/alx-higher_level_programming/0x0B-python-input_output/drivers: Is a directory
grep: /data/data/com.termux/files/home/alx-higher_level_programming/0x0B-python-input_output/tests: Is a directory
grep: /data/data/com.termux/files/home/alx-higher_level_programming/0x0C-python-almost_a_circle/__pycache__: Is a directory
grep: /data/data/com.termux/files/home/alx-higher_level_programming/0x0C-python-almost_a_circle/models: Is a directory
grep: /data/data/com.termux/files/home/alx-higher_level_programming/0x0C-python-almost_a_circle/tests: Is a directory
grep: /data/data/com.termux/files/home/alx-higher_level_programming/0x0D-SQL_introduction/bkup: Is a directory
grep: /data/data/com.termux/files/home/alx-higher_level_programming/0x0D-SQL_introduction/tmp: Is a directory
grep: /data/data/com.termux/files/home/alx-higher_level_programming/0x0E-SQL_more_queries/bkup: Is a directory
grep: /data/data/com.termux/files/home/alx-higher_level_programming/0x0F-python-object_relational_mapping/__pycache__: Is a directory
grep: /data/data/com.termux/files/home/alx-higher_level_programming/0x0F-python-object_relational_mapping/playground: Is a directory
grep: /data/data/com.termux/files/home/alx-higher_level_programming/0x12-javascript-warm_up/playground: Is a directory
grep: /data/data/com.termux/files/home/alx-higher_level_programming/0x13-javascript_objects_scopes_closures/playground: Is a directory
